[debug] [2022-04-29T21:12:51.467Z] ----------------------------------------------------------------------
[debug] [2022-04-29T21:12:51.468Z] Command:       /usr/local/bin/node /usr/local/bin/firebase init
[debug] [2022-04-29T21:12:51.468Z] CLI Version:   10.7.2
[debug] [2022-04-29T21:12:51.468Z] Platform:      darwin
[debug] [2022-04-29T21:12:51.468Z] Node Version:  v16.15.0
[debug] [2022-04-29T21:12:51.469Z] Time:          Fri Apr 29 2022 22:12:51 GMT+0100 (British Summer Time)
[debug] [2022-04-29T21:12:51.469Z] ----------------------------------------------------------------------
[debug] 
[debug] [2022-04-29T21:12:51.507Z] > command requires scopes: ["email","openid","https://www.googleapis.com/auth/cloudplatformprojects.readonly","https://www.googleapis.com/auth/firebase","https://www.googleapis.com/auth/cloud-platform"]
[debug] [2022-04-29T21:12:51.507Z] > authorizing via signed-in user (kasomaibrahim@gmail.com)
[info] 
     ######## #### ########  ######## ########     ###     ######  ########
     ##        ##  ##     ## ##       ##     ##  ##   ##  ##       ##
     ######    ##  ########  ######   ########  #########  ######  ######
     ##        ##  ##    ##  ##       ##     ## ##     ##       ## ##
     ##       #### ##     ## ######## ########  ##     ##  ######  ########

You're about to initialize a Firebase project in this directory:

  /Users/akibrahim/Documents/Programming/React/Fullstack clones/amazon-clone

Before we get started, keep in mind:

  * You are initializing within an existing Firebase project directory

[info] 
=== Project Setup
[info] 
[info] First, let's associate this project directory with a Firebase project.
[info] You can create multiple project aliases by running firebase use --add, 
[info] but for now we'll just set up a default project.
[info] 
[debug] [2022-04-29T21:12:56.992Z] Using project from CLI flag: clone-2deb3
[debug] [2022-04-29T21:12:56.993Z] >>> [apiv2][query] GET https://firebase.googleapis.com/v1beta1/projects/clone-2deb3 [none]
[debug] [2022-04-29T21:12:57.280Z] <<< [apiv2][status] GET https://firebase.googleapis.com/v1beta1/projects/clone-2deb3 200
[debug] [2022-04-29T21:12:57.281Z] <<< [apiv2][body] GET https://firebase.googleapis.com/v1beta1/projects/clone-2deb3 {"projectId":"clone-2deb3","projectNumber":"701571369482","displayName":"amazon-clone","name":"projects/clone-2deb3","resources":{"hostingSite":"clone-2deb3","realtimeDatabaseInstance":"clone-2deb3-default-rtdb","storageBucket":"clone-2deb3.appspot.com","locationId":"europe-west"},"state":"ACTIVE"}
[info] i  Using project clone-2deb3 (amazon-clone) 
[info] 
=== Hosting Setup
[info] 
[info] Your public directory is the folder (relative to your project directory) that
[info] will contain Hosting assets to be uploaded with firebase deploy. If you
[info] have a build process for your assets, use your build's output directory.
[info] 
[debug] [2022-04-29T21:13:06.122Z] >>> [apiv2][query] GET https://www.gstatic.com/firebasejs/releases.json [none]
[debug] [2022-04-29T21:13:06.214Z] <<< [apiv2][status] GET https://www.gstatic.com/firebasejs/releases.json 200
[debug] [2022-04-29T21:13:06.214Z] <<< [apiv2][body] GET https://www.gstatic.com/firebasejs/releases.json {"current":{"version":"9.7.0","browserURL":"https://www.gstatic.com/firebasejs/9.7.0/firebase.js","packageURL":"https://www.gstatic.com/firebasejs/9.7.0/firebase.tgz"},"live":{"version":"9.7","browserURL":"https://www.gstatic.com/firebasejs/live/9.7/firebase.js","packageURL":"https://www.gstatic.com/firebasejs/live/9.7/firebase.tgz"},"components":{"analytics":"https://www.gstatic.com/firebasejs/9.7.0/firebase-analytics.js","app":"https://www.gstatic.com/firebasejs/9.7.0/firebase-app.js","app-check":"https://www.gstatic.com/firebasejs/9.7.0/firebase-app-check.js","auth":"https://www.gstatic.com/firebasejs/9.7.0/firebase-auth.js","auth/cordova":"https://www.gstatic.com/firebasejs/9.7.0/firebase-auth/cordova.js","auth/react-native":"https://www.gstatic.com/firebasejs/9.7.0/firebase-auth/react-native.js","functions":"https://www.gstatic.com/firebasejs/9.7.0/firebase-functions.js","firestore":"https://www.gstatic.com/firebasejs/9.7.0/firebase-firestore.js","firestore/lite":"https://www.gstatic.com/firebasejs/9.7.0/firebase-firestore/lite.js","storage":"https://www.gstatic.com/firebasejs/9.7.0/firebase-storage.js","performance":"https://www.gstatic.com/firebasejs/9.7.0/firebase-performance.js","remote-config":"https://www.gstatic.com/firebasejs/9.7.0/firebase-remote-config.js","messaging":"https://www.gstatic.com/firebasejs/9.7.0/firebase-messaging.js","messaging/sw":"https://www.gstatic.com/firebasejs/9.7.0/firebase-messaging/sw.js","database":"https://www.gstatic.com/firebasejs/9.7.0/firebase-database.js","firestore.memory":"https://www.gstatic.com/firebasejs/9.7.0/firebase-firestore.memory.js"}}
[info] ✔  Wrote public/index.html 
[info] 
[info] i  Detected a .git folder at /Users/akibrahim/Documents/Programming/React/Fullstack clones/amazon-clone 
[info] i  Authorizing with GitHub to upload your service account to a GitHub repository's secrets store. 
[info] 
[info] Visit this URL on this device to log in:
[info] https://github.com/login/oauth/authorize?client_id=89cf50f02ac6aaed3484&state=303486466&redirect_uri=http%3A%2F%2Flocalhost%3A9005&scope=read%3Auser%20repo%20public_repo
[info] 
[info] Waiting for authentication...
[debug] [2022-04-29T21:13:18.075Z] >>> HTTP REQUEST POST https://github.com/login/oauth/access_token  
 {"client_id":"89cf50f02ac6aaed3484","client_secret":"3330d14abc895d9a74d5f17cd7a00711fa2c5bf0","code":"8da7dcb65c83b2c3e820","redirect_uri":"http://localhost:9005","state":"303486466"}
[debug] [2022-04-29T21:13:18.403Z] <<< HTTP RESPONSE 200 {"server":"GitHub.com","date":"Fri, 29 Apr 2022 21:13:18 GMT","content-type":"application/json; charset=utf-8","transfer-encoding":"chunked","vary":"X-PJAX, X-PJAX-Container, Accept-Encoding, Accept, X-Requested-With","permissions-policy":"interest-cohort=()","etag":"W/\"6c2e0e4c2403cfd520bb7336f12aeba5\"","cache-control":"max-age=0, private, must-revalidate","strict-transport-security":"max-age=31536000; includeSubdomains; preload","x-frame-options":"deny","x-content-type-options":"nosniff","x-xss-protection":"0","referrer-policy":"origin-when-cross-origin, strict-origin-when-cross-origin","expect-ct":"max-age=2592000, report-uri=\"https://api.github.com/_private/browser/errors\"","content-security-policy":"default-src 'none'; base-uri 'self'; block-all-mixed-content; child-src github.com/assets-cdn/worker/ gist.github.com/assets-cdn/worker/; connect-src 'self' uploads.github.com objects-origin.githubusercontent.com www.githubstatus.com collector.github.com raw.githubusercontent.com api.github.com github-cloud.s3.amazonaws.com github-production-repository-file-5c1aeb.s3.amazonaws.com github-production-upload-manifest-file-7fdce7.s3.amazonaws.com github-production-user-asset-6210df.s3.amazonaws.com cdn.optimizely.com logx.optimizely.com/v1/events translator.github.com *.actions.githubusercontent.com wss://*.actions.githubusercontent.com online.visualstudio.com/api/v1/locations github-production-repository-image-32fea6.s3.amazonaws.com github-production-release-asset-2e65be.s3.amazonaws.com insights.github.com wss://alive.github.com; font-src github.githubassets.com; form-action 'self' github.com gist.github.com objects-origin.githubusercontent.com; frame-ancestors 'none'; frame-src render.githubusercontent.com viewscreen.githubusercontent.com notebooks.githubusercontent.com; img-src 'self' data: github.githubassets.com identicons.github.com github-cloud.s3.amazonaws.com secured-user-images.githubusercontent.com/ *.githubusercontent.com; manifest-src 'self'; media-src github.com user-images.githubusercontent.com/; script-src github.githubassets.com; style-src 'unsafe-inline' github.githubassets.com; worker-src github.com/assets-cdn/worker/ gist.github.com/assets-cdn/worker/","x-github-request-id":"F6C2:F091:AC7AFB:BFA000:626C54EE"}
[debug] [2022-04-29T21:13:18.408Z] >>> [apiv2][query] GET https://api.github.com/user [none]
[debug] [2022-04-29T21:13:18.718Z] <<< [apiv2][status] GET https://api.github.com/user 200
[debug] [2022-04-29T21:13:18.718Z] <<< [apiv2][body] GET https://api.github.com/user {"login":"akibrahimug","id":82798823,"node_id":"MDQ6VXNlcjgyNzk4ODIz","avatar_url":"https://avatars.githubusercontent.com/u/82798823?v=4","gravatar_id":"","url":"https://api.github.com/users/akibrahimug","html_url":"https://github.com/akibrahimug","followers_url":"https://api.github.com/users/akibrahimug/followers","following_url":"https://api.github.com/users/akibrahimug/following{/other_user}","gists_url":"https://api.github.com/users/akibrahimug/gists{/gist_id}","starred_url":"https://api.github.com/users/akibrahimug/starred{/owner}{/repo}","subscriptions_url":"https://api.github.com/users/akibrahimug/subscriptions","organizations_url":"https://api.github.com/users/akibrahimug/orgs","repos_url":"https://api.github.com/users/akibrahimug/repos","events_url":"https://api.github.com/users/akibrahimug/events{/privacy}","received_events_url":"https://api.github.com/users/akibrahimug/received_events","type":"User","site_admin":false,"name":"Ibrahim Kasoma","company":null,"blog":"akibrahimug.github.io","location":"N1 5TL","email":null,"hireable":null,"bio":"I am a JavaScript Developer able to build a Web presence from the ground up - from concept, navigation, Responsive layout and programming\r\n","twitter_username":"akibrahimug","public_repos":48,"public_gists":0,"followers":0,"following":1,"created_at":"2021-04-19T06:30:20Z","updated_at":"2022-04-28T07:59:44Z","private_gists":0,"total_private_repos":1,"owned_private_repos":1,"disk_usage":256228,"collaborators":0,"two_factor_authentication":false,"plan":{"name":"free","space":976562499,"collaborators":0,"private_repos":10000}}
[info] 
[info] ✔  Success! Logged into GitHub as akibrahimug 
[info] 
